# JRE version: OpenJDK Runtime Environment (17.0.7) (build 17.0.7+0-b2043.56-10550314)
# Java VM: OpenJDK 64-Bit Server VM (17.0.7+0-b2043.56-10550314, mixed mode, tiered, compressed oops, compressed class ptrs, g1 gc, windows-amd64)
GC Precious Log:
 CPUs: 8 total, 8 available
 Memory: 6088M
 Large Page Support: Disabled
 NUMA Support: Disabled
 Compressed Oops: Enabled (32-bit)
 Heap Region Size: 1M
 Heap Min Capacity: 8M
 Heap Initial Capacity: 96M
 Heap Max Capacity: 2G
 Pre-touch: Disabled
 Parallel Workers: 8
 Concurrent Workers: 2
 Concurrent Refinement Workers: 8
 Periodic GC: Disabled
Heap:
 garbage-first heap   total 440320K, used 287335K [0x0000000080000000, 0x0000000100000000)
  region size 1024K, 5 young (5120K), 5 survivors (5120K)
 Metaspace       used 156822K, committed 157888K, reserved 1245184K
  class space    used 20694K, committed 21184K, reserved 1048576K
GC Heap History (20 events):
Event: 1959.450 GC heap after
{Heap after GC invocations=87 (full 0):
 garbage-first heap   total 423936K, used 255658K [0x0000000080000000, 0x0000000100000000)
  region size 1024K, 2 young (2048K), 2 survivors (2048K)
 Metaspace       used 136646K, committed 137728K, reserved 1179648K
  class space    used 17620K, committed 18176K, reserved 1048576K
}
Event: 1961.407 GC heap before
{Heap before GC invocations=88 (full 0):
 garbage-first heap   total 424960K, used 330410K [0x0000000080000000, 0x0000000100000000)
  region size 1024K, 89 young (91136K), 2 survivors (2048K)
 Metaspace       used 139229K, committed 140224K, reserved 1179648K
  class space    used 17930K, committed 18432K, reserved 1048576K
}
Event: 1961.415 GC heap after
{Heap after GC invocations=89 (full 0):
 garbage-first heap   total 424960K, used 243089K [0x0000000080000000, 0x0000000100000000)
  region size 1024K, 5 young (5120K), 5 survivors (5120K)
 Metaspace       used 139229K, committed 140224K, reserved 1179648K
  class space    used 17930K, committed 18432K, reserved 1048576K
}
Event: 1961.574 GC heap before
{Heap before GC invocations=89 (full 0):
 garbage-first heap   total 424960K, used 257425K [0x0000000080000000, 0x0000000100000000)
  region size 1024K, 20 young (20480K), 5 survivors (5120K)
 Metaspace       used 139278K, committed 140288K, reserved 1179648K
  class space    used 17932K, committed 18432K, reserved 1048576K
}
Event: 1961.590 GC heap after
{Heap after GC invocations=90 (full 0):
 garbage-first heap   total 424960K, used 221883K [0x0000000080000000, 0x0000000100000000)
  region size 1024K, 1 young (1024K), 1 survivors (1024K)
 Metaspace       used 139278K, committed 140288K, reserved 1179648K
  class space    used 17932K, committed 18432K, reserved 1048576K
}
Event: 1962.437 GC heap before
{Heap before GC invocations=90 (full 0):
 garbage-first heap   total 424960K, used 335547K [0x0000000080000000, 0x0000000100000000)
  region size 1024K, 113 young (115712K), 1 survivors (1024K)
 Metaspace       used 139434K, committed 140352K, reserved 1179648K
  class space    used 17958K, committed 18432K, reserved 1048576K
}
Event: 1962.441 GC heap after
{Heap after GC invocations=91 (full 0):
 garbage-first heap   total 424960K, used 221772K [0x0000000080000000, 0x0000000100000000)
  region size 1024K, 1 young (1024K), 1 survivors (1024K)
 Metaspace       used 139434K, committed 140352K, reserved 1179648K
  class space    used 17958K, committed 18432K, reserved 1048576K
}
Event: 1965.302 GC heap before
{Heap before GC invocations=91 (full 0):
 garbage-first heap   total 424960K, used 347724K [0x0000000080000000, 0x0000000100000000)
  region size 1024K, 125 young (128000K), 1 survivors (1024K)
 Metaspace       used 141419K, committed 142400K, reserved 1179648K
  class space    used 18135K, committed 18624K, reserved 1048576K
}
Event: 1965.306 GC heap after
{Heap after GC invocations=92 (full 0):
 garbage-first heap   total 424960K, used 223866K [0x0000000080000000, 0x0000000100000000)
  region size 1024K, 3 young (3072K), 3 survivors (3072K)
 Metaspace       used 141419K, committed 142400K, reserved 1179648K
  class space    used 18135K, committed 18624K, reserved 1048576K
}
Event: 1967.252 GC heap before
{Heap before GC invocations=92 (full 0):
 garbage-first heap   total 424960K, used 353914K [0x0000000080000000, 0x0000000100000000)
  region size 1024K, 131 young (134144K), 3 survivors (3072K)
 Metaspace       used 145380K, committed 146432K, reserved 1179648K
  class space    used 18716K, committed 19200K, reserved 1048576K
}
Event: 1967.263 GC heap after
{Heap after GC invocations=93 (full 0):
 garbage-first heap   total 424960K, used 236465K [0x0000000080000000, 0x0000000100000000)
  region size 1024K, 16 young (16384K), 16 survivors (16384K)
 Metaspace       used 145380K, committed 146432K, reserved 1179648K
  class space    used 18716K, committed 19200K, reserved 1048576K
}
Event: 1967.984 GC heap before
{Heap before GC invocations=94 (full 0):
 garbage-first heap   total 440320K, used 348081K [0x0000000080000000, 0x0000000100000000)
  region size 1024K, 126 young (129024K), 16 survivors (16384K)
 Metaspace       used 149607K, committed 150592K, reserved 1245184K
  class space    used 19368K, committed 19840K, reserved 1048576K
}
Event: 1968.019 GC heap after
{Heap after GC invocations=95 (full 0):
 garbage-first heap   total 440320K, used 256071K [0x0000000080000000, 0x0000000100000000)
  region size 1024K, 16 young (16384K), 16 survivors (16384K)
 Metaspace       used 149607K, committed 150592K, reserved 1245184K
  class space    used 19368K, committed 19840K, reserved 1048576K
}
Event: 1968.035 GC heap before
{Heap before GC invocations=95 (full 0):
 garbage-first heap   total 440320K, used 261191K [0x0000000080000000, 0x0000000100000000)
  region size 1024K, 21 young (21504K), 16 survivors (16384K)
 Metaspace       used 149655K, committed 150720K, reserved 1245184K
  class space    used 19376K, committed 19904K, reserved 1048576K
}
Event: 1968.053 GC heap after
{Heap after GC invocations=96 (full 0):
 garbage-first heap   total 440320K, used 252302K [0x0000000080000000, 0x0000000100000000)
  region size 1024K, 3 young (3072K), 3 survivors (3072K)
 Metaspace       used 149655K, committed 150720K, reserved 1245184K
  class space    used 19376K, committed 19904K, reserved 1048576K
}
Event: 1968.332 GC heap before
{Heap before GC invocations=96 (full 0):
 garbage-first heap   total 440320K, used 357774K [0x0000000080000000, 0x0000000100000000)
  region size 1024K, 106 young (108544K), 3 survivors (3072K)
 Metaspace       used 152032K, committed 153088K, reserved 1245184K
  class space    used 19819K, committed 20352K, reserved 1048576K
}
Event: 1968.353 GC heap after
{Heap after GC invocations=97 (full 0):
 garbage-first heap   total 440320K, used 268037K [0x0000000080000000, 0x0000000100000000)
  region size 1024K, 14 young (14336K), 14 survivors (14336K)
 Metaspace       used 152032K, committed 153088K, reserved 1245184K
  class space    used 19819K, committed 20352K, reserved 1048576K
}
Event: 1968.657 GC heap before
{Heap before GC invocations=97 (full 0):
 garbage-first heap   total 440320K, used 360197K [0x0000000080000000, 0x0000000100000000)
  region size 1024K, 105 young (107520K), 14 survivors (14336K)
 Metaspace       used 154623K, committed 155648K, reserved 1245184K
  class space    used 20299K, committed 20800K, reserved 1048576K
}
Event: 1968.681 GC heap after
{Heap after GC invocations=98 (full 0):
 garbage-first heap   total 440320K, used 282769K [0x0000000080000000, 0x0000000100000000)
  region size 1024K, 14 young (14336K), 14 survivors (14336K)
 Metaspace       used 154623K, committed 155648K, reserved 1245184K
  class space    used 20299K, committed 20800K, reserved 1048576K
}
Event: 1969.177 GC heap before
{Heap before GC invocations=98 (full 0):
 garbage-first heap   total 440320K, used 364689K [0x0000000080000000, 0x0000000100000000)
  region size 1024K, 94 young (96256K), 14 survivors (14336K)
 Metaspace       used 156822K, committed 157888K, reserved 1245184K
  class space    used 20694K, committed 21184K, reserved 1048576K
}

