# JRE version: OpenJDK Runtime Environment (17.0.7) (build 17.0.7+0-b2043.56-10550314)
# Java VM: OpenJDK 64-Bit Server VM (17.0.7+0-b2043.56-10550314, mixed mode, tiered, compressed oops, compressed class ptrs, g1 gc, windows-amd64)
GC Precious Log:
 CPUs: 8 total, 8 available
 Memory: 6088M
 Large Page Support: Disabled
 NUMA Support: Disabled
 Compressed Oops: Enabled (32-bit)
 Heap Region Size: 1M
 Heap Min Capacity: 8M
 Heap Initial Capacity: 96M
 Heap Max Capacity: 2G
 Pre-touch: Disabled
 Parallel Workers: 8
 Concurrent Workers: 2
 Concurrent Refinement Workers: 8
 Periodic GC: Disabled
Heap:
 garbage-first heap   total 402432K, used 185046K [0x0000000080000000, 0x0000000100000000)
  region size 1024K, 7 young (7168K), 7 survivors (7168K)
 Metaspace       used 119261K, committed 120064K, reserved 1179648K
  class space    used 16434K, committed 16832K, reserved 1048576K
GC Heap History (20 events):
Event: 17.096 GC heap after
{Heap after GC invocations=37 (full 0):
 garbage-first heap   total 266240K, used 139138K [0x0000000080000000, 0x0000000100000000)
  region size 1024K, 9 young (9216K), 9 survivors (9216K)
 Metaspace       used 110174K, committed 110976K, reserved 1179648K
  class space    used 15161K, committed 15552K, reserved 1048576K
}
Event: 17.124 GC heap before
{Heap before GC invocations=37 (full 0):
 garbage-first heap   total 266240K, used 143234K [0x0000000080000000, 0x0000000100000000)
  region size 1024K, 13 young (13312K), 9 survivors (9216K)
 Metaspace       used 110321K, committed 111104K, reserved 1179648K
  class space    used 15182K, committed 15552K, reserved 1048576K
}
Event: 17.137 GC heap after
{Heap after GC invocations=38 (full 0):
 garbage-first heap   total 402432K, used 139551K [0x0000000080000000, 0x0000000100000000)
  region size 1024K, 2 young (2048K), 2 survivors (2048K)
 Metaspace       used 110321K, committed 111104K, reserved 1179648K
  class space    used 15182K, committed 15552K, reserved 1048576K
}
Event: 17.677 GC heap before
{Heap before GC invocations=38 (full 0):
 garbage-first heap   total 402432K, used 297247K [0x0000000080000000, 0x0000000100000000)
  region size 1024K, 156 young (159744K), 2 survivors (2048K)
 Metaspace       used 115845K, committed 116672K, reserved 1179648K
  class space    used 16148K, committed 16512K, reserved 1048576K
}
Event: 17.700 GC heap after
{Heap after GC invocations=39 (full 0):
 garbage-first heap   total 402432K, used 161792K [0x0000000080000000, 0x0000000100000000)
  region size 1024K, 20 young (20480K), 20 survivors (20480K)
 Metaspace       used 115845K, committed 116672K, reserved 1179648K
  class space    used 16148K, committed 16512K, reserved 1048576K
}
Event: 18.582 GC heap before
{Heap before GC invocations=40 (full 0):
 garbage-first heap   total 402432K, used 301056K [0x0000000080000000, 0x0000000100000000)
  region size 1024K, 156 young (159744K), 20 survivors (20480K)
 Metaspace       used 117558K, committed 118272K, reserved 1179648K
  class space    used 16351K, committed 16704K, reserved 1048576K
}
Event: 18.609 GC heap after
{Heap after GC invocations=41 (full 0):
 garbage-first heap   total 402432K, used 170277K [0x0000000080000000, 0x0000000100000000)
  region size 1024K, 8 young (8192K), 8 survivors (8192K)
 Metaspace       used 117558K, committed 118272K, reserved 1179648K
  class space    used 16351K, committed 16704K, reserved 1048576K
}
Event: 18.658 GC heap before
{Heap before GC invocations=41 (full 0):
 garbage-first heap   total 402432K, used 181541K [0x0000000080000000, 0x0000000100000000)
  region size 1024K, 19 young (19456K), 8 survivors (8192K)
 Metaspace       used 117590K, committed 118336K, reserved 1179648K
  class space    used 16358K, committed 16704K, reserved 1048576K
}
Event: 18.668 GC heap after
{Heap after GC invocations=42 (full 0):
 garbage-first heap   total 402432K, used 170668K [0x0000000080000000, 0x0000000100000000)
  region size 1024K, 2 young (2048K), 2 survivors (2048K)
 Metaspace       used 117590K, committed 118336K, reserved 1179648K
  class space    used 16358K, committed 16704K, reserved 1048576K
}
Event: 19.288 GC heap before
{Heap before GC invocations=42 (full 0):
 garbage-first heap   total 402432K, used 309932K [0x0000000080000000, 0x0000000100000000)
  region size 1024K, 139 young (142336K), 2 survivors (2048K)
 Metaspace       used 117867K, committed 118592K, reserved 1179648K
  class space    used 16397K, committed 16768K, reserved 1048576K
}
Event: 19.292 GC heap after
{Heap after GC invocations=43 (full 0):
 garbage-first heap   total 402432K, used 170411K [0x0000000080000000, 0x0000000100000000)
  region size 1024K, 2 young (2048K), 2 survivors (2048K)
 Metaspace       used 117867K, committed 118592K, reserved 1179648K
  class space    used 16397K, committed 16768K, reserved 1048576K
}
Event: 19.846 GC heap before
{Heap before GC invocations=43 (full 0):
 garbage-first heap   total 402432K, used 319915K [0x0000000080000000, 0x0000000100000000)
  region size 1024K, 148 young (151552K), 2 survivors (2048K)
 Metaspace       used 118344K, committed 119104K, reserved 1179648K
  class space    used 16411K, committed 16768K, reserved 1048576K
}
Event: 19.853 GC heap after
{Heap after GC invocations=44 (full 0):
 garbage-first heap   total 402432K, used 171194K [0x0000000080000000, 0x0000000100000000)
  region size 1024K, 3 young (3072K), 3 survivors (3072K)
 Metaspace       used 118344K, committed 119104K, reserved 1179648K
  class space    used 16411K, committed 16768K, reserved 1048576K
}
Event: 20.439 GC heap before
{Heap before GC invocations=44 (full 0):
 garbage-first heap   total 402432K, used 326842K [0x0000000080000000, 0x0000000100000000)
  region size 1024K, 155 young (158720K), 3 survivors (3072K)
 Metaspace       used 118754K, committed 119488K, reserved 1179648K
  class space    used 16427K, committed 16768K, reserved 1048576K
}
Event: 20.445 GC heap after
{Heap after GC invocations=45 (full 0):
 garbage-first heap   total 402432K, used 172769K [0x0000000080000000, 0x0000000100000000)
  region size 1024K, 4 young (4096K), 4 survivors (4096K)
 Metaspace       used 118754K, committed 119488K, reserved 1179648K
  class space    used 16427K, committed 16768K, reserved 1048576K
}
Event: 20.807 GC heap before
{Heap before GC invocations=45 (full 0):
 garbage-first heap   total 402432K, used 331489K [0x0000000080000000, 0x0000000100000000)
  region size 1024K, 160 young (163840K), 4 survivors (4096K)
 Metaspace       used 119028K, committed 119808K, reserved 1179648K
  class space    used 16432K, committed 16832K, reserved 1048576K
}
Event: 20.818 GC heap after
{Heap after GC invocations=46 (full 0):
 garbage-first heap   total 402432K, used 179851K [0x0000000080000000, 0x0000000100000000)
  region size 1024K, 11 young (11264K), 11 survivors (11264K)
 Metaspace       used 119028K, committed 119808K, reserved 1179648K
  class space    used 16432K, committed 16832K, reserved 1048576K
}
Event: 21.095 GC heap before
{Heap before GC invocations=46 (full 0):
 garbage-first heap   total 402432K, used 333451K [0x0000000080000000, 0x0000000100000000)
  region size 1024K, 161 young (164864K), 11 survivors (11264K)
 Metaspace       used 119202K, committed 120000K, reserved 1179648K
  class space    used 16434K, committed 16832K, reserved 1048576K
}
Event: 21.108 GC heap after
{Heap after GC invocations=47 (full 0):
 garbage-first heap   total 402432K, used 184320K [0x0000000080000000, 0x0000000100000000)
  region size 1024K, 15 young (15360K), 15 survivors (15360K)
 Metaspace       used 119202K, committed 120000K, reserved 1179648K
  class space    used 16434K, committed 16832K, reserved 1048576K
}
Event: 21.383 GC heap before
{Heap before GC invocations=47 (full 0):
 garbage-first heap   total 402432K, used 336896K [0x0000000080000000, 0x0000000100000000)
  region size 1024K, 164 young (167936K), 15 survivors (15360K)
 Metaspace       used 119261K, committed 120064K, reserved 1179648K
  class space    used 16434K, committed 16832K, reserved 1048576K
}

