# JRE version: OpenJDK Runtime Environment (17.0.7) (build 17.0.7+0-b2043.56-10550314)
# Java VM: OpenJDK 64-Bit Server VM (17.0.7+0-b2043.56-10550314, mixed mode, tiered, compressed oops, compressed class ptrs, g1 gc, windows-amd64)
GC Precious Log:
 CPUs: 8 total, 8 available
 Memory: 6088M
 Large Page Support: Disabled
 NUMA Support: Disabled
 Compressed Oops: Enabled (32-bit)
 Heap Region Size: 1M
 Heap Min Capacity: 8M
 Heap Initial Capacity: 96M
 Heap Max Capacity: 2G
 Pre-touch: Disabled
 Parallel Workers: 8
 Concurrent Workers: 2
 Concurrent Refinement Workers: 8
 Periodic GC: Disabled
Heap:
 garbage-first heap   total 122880K, used 86099K [0x0000000080000000, 0x0000000100000000)
  region size 1024K, 23 young (23552K), 5 survivors (5120K)
 Metaspace       used 52356K, committed 52800K, reserved 1114112K
  class space    used 6938K, committed 7168K, reserved 1048576K
GC Heap History (20 events):
Event: 37.382 GC heap before
{Heap before GC invocations=30 (full 0):
 garbage-first heap   total 116736K, used 92598K [0x0000000080000000, 0x0000000100000000)
  region size 1024K, 29 young (29696K), 1 survivors (1024K)
 Metaspace       used 52325K, committed 52800K, reserved 1114112K
  class space    used 6938K, committed 7168K, reserved 1048576K
}
Event: 37.385 GC heap after
{Heap after GC invocations=31 (full 0):
 garbage-first heap   total 116736K, used 64186K [0x0000000080000000, 0x0000000100000000)
  region size 1024K, 1 young (1024K), 1 survivors (1024K)
 Metaspace       used 52325K, committed 52800K, reserved 1114112K
  class space    used 6938K, committed 7168K, reserved 1048576K
}
Event: 37.884 GC heap before
{Heap before GC invocations=31 (full 0):
 garbage-first heap   total 116736K, used 96954K [0x0000000080000000, 0x0000000100000000)
  region size 1024K, 33 young (33792K), 1 survivors (1024K)
 Metaspace       used 52325K, committed 52800K, reserved 1114112K
  class space    used 6938K, committed 7168K, reserved 1048576K
}
Event: 37.887 GC heap after
{Heap after GC invocations=32 (full 0):
 garbage-first heap   total 116736K, used 64473K [0x0000000080000000, 0x0000000100000000)
  region size 1024K, 1 young (1024K), 1 survivors (1024K)
 Metaspace       used 52325K, committed 52800K, reserved 1114112K
  class space    used 6938K, committed 7168K, reserved 1048576K
}
Event: 38.462 GC heap before
{Heap before GC invocations=33 (full 0):
 garbage-first heap   total 116736K, used 98265K [0x0000000080000000, 0x0000000100000000)
  region size 1024K, 34 young (34816K), 1 survivors (1024K)
 Metaspace       used 52328K, committed 52800K, reserved 1114112K
  class space    used 6938K, committed 7168K, reserved 1048576K
}
Event: 38.465 GC heap after
{Heap after GC invocations=34 (full 0):
 garbage-first heap   total 116736K, used 64787K [0x0000000080000000, 0x0000000100000000)
  region size 1024K, 2 young (2048K), 2 survivors (2048K)
 Metaspace       used 52328K, committed 52800K, reserved 1114112K
  class space    used 6938K, committed 7168K, reserved 1048576K
}
Event: 39.195 GC heap before
{Heap before GC invocations=34 (full 0):
 garbage-first heap   total 116736K, used 98579K [0x0000000080000000, 0x0000000100000000)
  region size 1024K, 35 young (35840K), 2 survivors (2048K)
 Metaspace       used 52332K, committed 52800K, reserved 1114112K
  class space    used 6938K, committed 7168K, reserved 1048576K
}
Event: 39.198 GC heap after
{Heap after GC invocations=35 (full 0):
 garbage-first heap   total 116736K, used 65016K [0x0000000080000000, 0x0000000100000000)
  region size 1024K, 2 young (2048K), 2 survivors (2048K)
 Metaspace       used 52332K, committed 52800K, reserved 1114112K
  class space    used 6938K, committed 7168K, reserved 1048576K
}
Event: 40.011 GC heap before
{Heap before GC invocations=36 (full 0):
 garbage-first heap   total 121856K, used 99832K [0x0000000080000000, 0x0000000100000000)
  region size 1024K, 36 young (36864K), 2 survivors (2048K)
 Metaspace       used 52343K, committed 52800K, reserved 1114112K
  class space    used 6938K, committed 7168K, reserved 1048576K
}
Event: 40.014 GC heap after
{Heap after GC invocations=37 (full 0):
 garbage-first heap   total 121856K, used 65385K [0x0000000080000000, 0x0000000100000000)
  region size 1024K, 2 young (2048K), 2 survivors (2048K)
 Metaspace       used 52343K, committed 52800K, reserved 1114112K
  class space    used 6938K, committed 7168K, reserved 1048576K
}
Event: 42.400 GC heap before
{Heap before GC invocations=37 (full 0):
 garbage-first heap   total 121856K, used 105321K [0x0000000080000000, 0x0000000100000000)
  region size 1024K, 41 young (41984K), 2 survivors (2048K)
 Metaspace       used 52350K, committed 52800K, reserved 1114112K
  class space    used 6938K, committed 7168K, reserved 1048576K
}
Event: 42.403 GC heap after
{Heap after GC invocations=38 (full 0):
 garbage-first heap   total 121856K, used 65780K [0x0000000080000000, 0x0000000100000000)
  region size 1024K, 3 young (3072K), 3 survivors (3072K)
 Metaspace       used 52350K, committed 52800K, reserved 1114112K
  class space    used 6938K, committed 7168K, reserved 1048576K
}
Event: 45.620 GC heap before
{Heap before GC invocations=39 (full 0):
 garbage-first heap   total 121856K, used 105716K [0x0000000080000000, 0x0000000100000000)
  region size 1024K, 42 young (43008K), 3 survivors (3072K)
 Metaspace       used 52351K, committed 52800K, reserved 1114112K
  class space    used 6938K, committed 7168K, reserved 1048576K
}
Event: 45.625 GC heap after
{Heap after GC invocations=40 (full 0):
 garbage-first heap   total 121856K, used 66222K [0x0000000080000000, 0x0000000100000000)
  region size 1024K, 3 young (3072K), 3 survivors (3072K)
 Metaspace       used 52351K, committed 52800K, reserved 1114112K
  class space    used 6938K, committed 7168K, reserved 1048576K
}
Event: 47.743 GC heap before
{Heap before GC invocations=40 (full 0):
 garbage-first heap   total 121856K, used 106158K [0x0000000080000000, 0x0000000100000000)
  region size 1024K, 42 young (43008K), 3 survivors (3072K)
 Metaspace       used 52354K, committed 52800K, reserved 1114112K
  class space    used 6938K, committed 7168K, reserved 1048576K
}
Event: 47.747 GC heap after
{Heap after GC invocations=41 (full 0):
 garbage-first heap   total 121856K, used 66678K [0x0000000080000000, 0x0000000100000000)
  region size 1024K, 4 young (4096K), 4 survivors (4096K)
 Metaspace       used 52354K, committed 52800K, reserved 1114112K
  class space    used 6938K, committed 7168K, reserved 1048576K
}
Event: 48.558 GC heap before
{Heap before GC invocations=42 (full 0):
 garbage-first heap   total 122880K, used 102518K [0x0000000080000000, 0x0000000100000000)
  region size 1024K, 40 young (40960K), 4 survivors (4096K)
 Metaspace       used 52354K, committed 52800K, reserved 1114112K
  class space    used 6938K, committed 7168K, reserved 1048576K
}
Event: 48.563 GC heap after
{Heap after GC invocations=43 (full 0):
 garbage-first heap   total 122880K, used 67172K [0x0000000080000000, 0x0000000100000000)
  region size 1024K, 4 young (4096K), 4 survivors (4096K)
 Metaspace       used 52354K, committed 52800K, reserved 1114112K
  class space    used 6938K, committed 7168K, reserved 1048576K
}
Event: 50.764 GC heap before
{Heap before GC invocations=44 (full 0):
 garbage-first heap   total 122880K, used 108132K [0x0000000080000000, 0x0000000100000000)
  region size 1024K, 42 young (43008K), 4 survivors (4096K)
 Metaspace       used 52356K, committed 52800K, reserved 1114112K
  class space    used 6938K, committed 7168K, reserved 1048576K
}
Event: 50.771 GC heap after
{Heap after GC invocations=45 (full 0):
 garbage-first heap   total 122880K, used 68691K [0x0000000080000000, 0x0000000100000000)
  region size 1024K, 5 young (5120K), 5 survivors (5120K)
 Metaspace       used 52356K, committed 52800K, reserved 1114112K
  class space    used 6938K, committed 7168K, reserved 1048576K
}

