# JRE version: OpenJDK Runtime Environment (17.0.7) (build 17.0.7+0-b2043.56-10550314)
# Java VM: OpenJDK 64-Bit Server VM (17.0.7+0-b2043.56-10550314, mixed mode, tiered, compressed oops, compressed class ptrs, g1 gc, windows-amd64)
GC Precious Log:
 CPUs: 8 total, 8 available
 Memory: 6088M
 Large Page Support: Disabled
 NUMA Support: Disabled
 Compressed Oops: Enabled (32-bit)
 Heap Region Size: 1M
 Heap Min Capacity: 8M
 Heap Initial Capacity: 96M
 Heap Max Capacity: 2G
 Pre-touch: Disabled
 Parallel Workers: 8
 Concurrent Workers: 2
 Concurrent Refinement Workers: 8
 Periodic GC: Disabled
Heap:
 garbage-first heap   total 439296K, used 227556K [0x0000000080000000, 0x0000000100000000)
  region size 1024K, 50 young (51200K), 19 survivors (19456K)
 Metaspace       used 116327K, committed 117056K, reserved 1179648K
  class space    used 15997K, committed 16320K, reserved 1048576K
GC Heap History (20 events):
Event: 13.691 GC heap before
{Heap before GC invocations=32 (full 0):
 garbage-first heap   total 161792K, used 129051K [0x0000000080000000, 0x0000000100000000)
  region size 1024K, 52 young (53248K), 7 survivors (7168K)
 Metaspace       used 97880K, committed 98496K, reserved 1179648K
  class space    used 13287K, committed 13568K, reserved 1048576K
}
Event: 13.704 GC heap after
{Heap after GC invocations=33 (full 0):
 garbage-first heap   total 161792K, used 90717K [0x0000000080000000, 0x0000000100000000)
  region size 1024K, 7 young (7168K), 7 survivors (7168K)
 Metaspace       used 97880K, committed 98496K, reserved 1179648K
  class space    used 13287K, committed 13568K, reserved 1048576K
}
Event: 14.100 GC heap before
{Heap before GC invocations=33 (full 0):
 garbage-first heap   total 161792K, used 128605K [0x0000000080000000, 0x0000000100000000)
  region size 1024K, 45 young (46080K), 7 survivors (7168K)
 Metaspace       used 98774K, committed 99456K, reserved 1179648K
  class space    used 13456K, committed 13760K, reserved 1048576K
}
Event: 14.108 GC heap after
{Heap after GC invocations=34 (full 0):
 garbage-first heap   total 161792K, used 94430K [0x0000000080000000, 0x0000000100000000)
  region size 1024K, 4 young (4096K), 4 survivors (4096K)
 Metaspace       used 98774K, committed 99456K, reserved 1179648K
  class space    used 13456K, committed 13760K, reserved 1048576K
}
Event: 14.591 GC heap before
{Heap before GC invocations=34 (full 0):
 garbage-first heap   total 161792K, used 130270K [0x0000000080000000, 0x0000000100000000)
  region size 1024K, 40 young (40960K), 4 survivors (4096K)
 Metaspace       used 99290K, committed 99968K, reserved 1179648K
  class space    used 13495K, committed 13824K, reserved 1048576K
}
Event: 14.600 GC heap after
{Heap after GC invocations=35 (full 0):
 garbage-first heap   total 261120K, used 97129K [0x0000000080000000, 0x0000000100000000)
  region size 1024K, 3 young (3072K), 3 survivors (3072K)
 Metaspace       used 99290K, committed 99968K, reserved 1179648K
  class space    used 13495K, committed 13824K, reserved 1048576K
}
Event: 15.929 GC heap before
{Heap before GC invocations=35 (full 0):
 garbage-first heap   total 261120K, used 198505K [0x0000000080000000, 0x0000000100000000)
  region size 1024K, 103 young (105472K), 3 survivors (3072K)
 Metaspace       used 103274K, committed 104064K, reserved 1179648K
  class space    used 14022K, committed 14400K, reserved 1048576K
}
Event: 15.939 GC heap after
{Heap after GC invocations=36 (full 0):
 garbage-first heap   total 261120K, used 104970K [0x0000000080000000, 0x0000000100000000)
  region size 1024K, 11 young (11264K), 11 survivors (11264K)
 Metaspace       used 103274K, committed 104064K, reserved 1179648K
  class space    used 14022K, committed 14400K, reserved 1048576K
}
Event: 16.529 GC heap before
{Heap before GC invocations=36 (full 0):
 garbage-first heap   total 261120K, used 206346K [0x0000000080000000, 0x0000000100000000)
  region size 1024K, 109 young (111616K), 11 survivors (11264K)
 Metaspace       used 107458K, committed 108160K, reserved 1179648K
  class space    used 14625K, committed 14976K, reserved 1048576K
}
Event: 16.546 GC heap after
{Heap after GC invocations=37 (full 0):
 garbage-first heap   total 261120K, used 127579K [0x0000000080000000, 0x0000000100000000)
  region size 1024K, 14 young (14336K), 14 survivors (14336K)
 Metaspace       used 107458K, committed 108160K, reserved 1179648K
  class space    used 14625K, committed 14976K, reserved 1048576K
}
Event: 16.862 GC heap before
{Heap before GC invocations=37 (full 0):
 garbage-first heap   total 261120K, used 203355K [0x0000000080000000, 0x0000000100000000)
  region size 1024K, 88 young (90112K), 14 survivors (14336K)
 Metaspace       used 109026K, committed 109760K, reserved 1179648K
  class space    used 14851K, committed 15232K, reserved 1048576K
}
Event: 16.884 GC heap after
{Heap after GC invocations=38 (full 0):
 garbage-first heap   total 261120K, used 141148K [0x0000000080000000, 0x0000000100000000)
  region size 1024K, 11 young (11264K), 11 survivors (11264K)
 Metaspace       used 109026K, committed 109760K, reserved 1179648K
  class space    used 14851K, committed 15232K, reserved 1048576K
}
Event: 17.126 GC heap before
{Heap before GC invocations=38 (full 0):
 garbage-first heap   total 261120K, used 205660K [0x0000000080000000, 0x0000000100000000)
  region size 1024K, 74 young (75776K), 11 survivors (11264K)
 Metaspace       used 110005K, committed 110720K, reserved 1179648K
  class space    used 15003K, committed 15360K, reserved 1048576K
}
Event: 17.149 GC heap after
{Heap after GC invocations=39 (full 0):
 garbage-first heap   total 261120K, used 155323K [0x0000000080000000, 0x0000000100000000)
  region size 1024K, 10 young (10240K), 10 survivors (10240K)
 Metaspace       used 110005K, committed 110720K, reserved 1179648K
  class space    used 15003K, committed 15360K, reserved 1048576K
}
Event: 17.302 GC heap before
{Heap before GC invocations=39 (full 0):
 garbage-first heap   total 261120K, used 208571K [0x0000000080000000, 0x0000000100000000)
  region size 1024K, 62 young (63488K), 10 survivors (10240K)
 Metaspace       used 111023K, committed 111744K, reserved 1179648K
  class space    used 15116K, committed 15488K, reserved 1048576K
}
Event: 17.321 GC heap after
{Heap after GC invocations=40 (full 0):
 garbage-first heap   total 261120K, used 165888K [0x0000000080000000, 0x0000000100000000)
  region size 1024K, 8 young (8192K), 8 survivors (8192K)
 Metaspace       used 111023K, committed 111744K, reserved 1179648K
  class space    used 15116K, committed 15488K, reserved 1048576K
}
Event: 17.497 GC heap before
{Heap before GC invocations=40 (full 0):
 garbage-first heap   total 261120K, used 211968K [0x0000000080000000, 0x0000000100000000)
  region size 1024K, 54 young (55296K), 8 survivors (8192K)
 Metaspace       used 112509K, committed 113280K, reserved 1179648K
  class space    used 15376K, committed 15744K, reserved 1048576K
}
Event: 17.514 GC heap after
{Heap after GC invocations=41 (full 0):
 garbage-first heap   total 439296K, used 174378K [0x0000000080000000, 0x0000000100000000)
  region size 1024K, 7 young (7168K), 7 survivors (7168K)
 Metaspace       used 112509K, committed 113280K, reserved 1179648K
  class space    used 15376K, committed 15744K, reserved 1048576K
}
Event: 17.970 GC heap before
{Heap before GC invocations=41 (full 0):
 garbage-first heap   total 439296K, used 322858K [0x0000000080000000, 0x0000000100000000)
  region size 1024K, 152 young (155648K), 7 survivors (7168K)
 Metaspace       used 115975K, committed 116800K, reserved 1179648K
  class space    used 15929K, committed 16320K, reserved 1048576K
}
Event: 17.997 GC heap after
{Heap after GC invocations=42 (full 0):
 garbage-first heap   total 439296K, used 196836K [0x0000000080000000, 0x0000000100000000)
  region size 1024K, 19 young (19456K), 19 survivors (19456K)
 Metaspace       used 115975K, committed 116800K, reserved 1179648K
  class space    used 15929K, committed 16320K, reserved 1048576K
}

