# JRE version: OpenJDK Runtime Environment (17.0.7) (build 17.0.7+0-b2043.56-10550314)
# Java VM: OpenJDK 64-Bit Server VM (17.0.7+0-b2043.56-10550314, mixed mode, tiered, compressed oops, compressed class ptrs, g1 gc, windows-amd64)
GC Precious Log:
 CPUs: 8 total, 8 available
 Memory: 6088M
 Large Page Support: Disabled
 NUMA Support: Disabled
 Compressed Oops: Enabled (32-bit)
 Heap Region Size: 1M
 Heap Min Capacity: 8M
 Heap Initial Capacity: 96M
 Heap Max Capacity: 2G
 Pre-touch: Disabled
 Parallel Workers: 8
 Concurrent Workers: 2
 Concurrent Refinement Workers: 8
 Periodic GC: Disabled
Heap:
 garbage-first heap   total 278528K, used 140920K [0x0000000080000000, 0x0000000100000000)
  region size 1024K, 2 young (2048K), 2 survivors (2048K)
 Metaspace       used 109247K, committed 109952K, reserved 1179648K
  class space    used 14973K, committed 15296K, reserved 1048576K
GC Heap History (20 events):
Event: 18.743 GC heap after
{Heap after GC invocations=36 (full 0):
 garbage-first heap   total 142336K, used 80191K [0x0000000080000000, 0x0000000100000000)
  region size 1024K, 6 young (6144K), 6 survivors (6144K)
 Metaspace       used 95053K, committed 95680K, reserved 1179648K
  class space    used 12946K, committed 13248K, reserved 1048576K
}
Event: 19.100 GC heap before
{Heap before GC invocations=36 (full 0):
 garbage-first heap   total 142336K, used 116031K [0x0000000080000000, 0x0000000100000000)
  region size 1024K, 41 young (41984K), 6 survivors (6144K)
 Metaspace       used 95194K, committed 95872K, reserved 1179648K
  class space    used 12956K, committed 13248K, reserved 1048576K
}
Event: 19.111 GC heap after
{Heap after GC invocations=37 (full 0):
 garbage-first heap   total 142336K, used 86303K [0x0000000080000000, 0x0000000100000000)
  region size 1024K, 6 young (6144K), 6 survivors (6144K)
 Metaspace       used 95194K, committed 95872K, reserved 1179648K
  class space    used 12956K, committed 13248K, reserved 1048576K
}
Event: 19.741 GC heap before
{Heap before GC invocations=37 (full 0):
 garbage-first heap   total 142336K, used 117023K [0x0000000080000000, 0x0000000100000000)
  region size 1024K, 35 young (35840K), 6 survivors (6144K)
 Metaspace       used 98263K, committed 98944K, reserved 1179648K
  class space    used 13310K, committed 13632K, reserved 1048576K
}
Event: 19.750 GC heap after
{Heap after GC invocations=38 (full 0):
 garbage-first heap   total 142336K, used 91514K [0x0000000080000000, 0x0000000100000000)
  region size 1024K, 5 young (5120K), 5 survivors (5120K)
 Metaspace       used 98263K, committed 98944K, reserved 1179648K
  class space    used 13310K, committed 13632K, reserved 1048576K
}
Event: 19.932 GC heap before
{Heap before GC invocations=38 (full 0):
 garbage-first heap   total 142336K, used 117114K [0x0000000080000000, 0x0000000100000000)
  region size 1024K, 30 young (30720K), 5 survivors (5120K)
 Metaspace       used 98751K, committed 99456K, reserved 1179648K
  class space    used 13439K, committed 13760K, reserved 1048576K
}
Event: 19.939 GC heap after
{Heap after GC invocations=39 (full 0):
 garbage-first heap   total 220160K, used 93706K [0x0000000080000000, 0x0000000100000000)
  region size 1024K, 3 young (3072K), 3 survivors (3072K)
 Metaspace       used 98751K, committed 99456K, reserved 1179648K
  class space    used 13439K, committed 13760K, reserved 1048576K
}
Event: 20.925 GC heap before
{Heap before GC invocations=39 (full 0):
 garbage-first heap   total 220160K, used 166410K [0x0000000080000000, 0x0000000100000000)
  region size 1024K, 75 young (76800K), 3 survivors (3072K)
 Metaspace       used 99963K, committed 100672K, reserved 1179648K
  class space    used 13565K, committed 13888K, reserved 1048576K
}
Event: 20.935 GC heap after
{Heap after GC invocations=40 (full 0):
 garbage-first heap   total 220160K, used 98711K [0x0000000080000000, 0x0000000100000000)
  region size 1024K, 7 young (7168K), 7 survivors (7168K)
 Metaspace       used 99963K, committed 100672K, reserved 1179648K
  class space    used 13565K, committed 13888K, reserved 1048576K
}
Event: 21.327 GC heap before
{Heap before GC invocations=40 (full 0):
 garbage-first heap   total 220160K, used 137623K [0x0000000080000000, 0x0000000100000000)
  region size 1024K, 47 young (48128K), 7 survivors (7168K)
 Metaspace       used 101055K, committed 101760K, reserved 1179648K
  class space    used 13729K, committed 14080K, reserved 1048576K
}
Event: 21.336 GC heap after
{Heap after GC invocations=41 (full 0):
 garbage-first heap   total 220160K, used 103258K [0x0000000080000000, 0x0000000100000000)
  region size 1024K, 5 young (5120K), 5 survivors (5120K)
 Metaspace       used 101055K, committed 101760K, reserved 1179648K
  class space    used 13729K, committed 14080K, reserved 1048576K
}
Event: 21.893 GC heap before
{Heap before GC invocations=42 (full 0):
 garbage-first heap   total 234496K, used 172890K [0x0000000080000000, 0x0000000100000000)
  region size 1024K, 74 young (75776K), 5 survivors (5120K)
 Metaspace       used 105541K, committed 106240K, reserved 1179648K
  class space    used 14422K, committed 14720K, reserved 1048576K
}
Event: 21.902 GC heap after
{Heap after GC invocations=43 (full 0):
 garbage-first heap   total 234496K, used 114688K [0x0000000080000000, 0x0000000100000000)
  region size 1024K, 10 young (10240K), 10 survivors (10240K)
 Metaspace       used 105541K, committed 106240K, reserved 1179648K
  class space    used 14422K, committed 14720K, reserved 1048576K
}
Event: 21.908 GC heap before
{Heap before GC invocations=43 (full 0):
 garbage-first heap   total 234496K, used 115712K [0x0000000080000000, 0x0000000100000000)
  region size 1024K, 11 young (11264K), 10 survivors (10240K)
 Metaspace       used 105566K, committed 106240K, reserved 1179648K
  class space    used 14422K, committed 14720K, reserved 1048576K
}
Event: 21.915 GC heap after
{Heap after GC invocations=44 (full 0):
 garbage-first heap   total 234496K, used 116587K [0x0000000080000000, 0x0000000100000000)
  region size 1024K, 2 young (2048K), 2 survivors (2048K)
 Metaspace       used 105566K, committed 106240K, reserved 1179648K
  class space    used 14422K, committed 14720K, reserved 1048576K
}
Event: 22.355 GC heap before
{Heap before GC invocations=44 (full 0):
 garbage-first heap   total 234496K, used 184171K [0x0000000080000000, 0x0000000100000000)
  region size 1024K, 69 young (70656K), 2 survivors (2048K)
 Metaspace       used 108250K, committed 108928K, reserved 1179648K
  class space    used 14866K, committed 15168K, reserved 1048576K
}
Event: 22.372 GC heap after
{Heap after GC invocations=45 (full 0):
 garbage-first heap   total 234496K, used 129470K [0x0000000080000000, 0x0000000100000000)
  region size 1024K, 9 young (9216K), 9 survivors (9216K)
 Metaspace       used 108250K, committed 108928K, reserved 1179648K
  class space    used 14866K, committed 15168K, reserved 1048576K
}
Event: 22.674 GC heap before
{Heap before GC invocations=46 (full 0):
 garbage-first heap   total 278528K, used 184766K [0x0000000080000000, 0x0000000100000000)
  region size 1024K, 63 young (64512K), 9 survivors (9216K)
 Metaspace       used 109069K, committed 109824K, reserved 1179648K
  class space    used 14955K, committed 15296K, reserved 1048576K
}
Event: 22.692 GC heap after
{Heap after GC invocations=47 (full 0):
 garbage-first heap   total 278528K, used 139206K [0x0000000080000000, 0x0000000100000000)
  region size 1024K, 8 young (8192K), 8 survivors (8192K)
 Metaspace       used 109069K, committed 109824K, reserved 1179648K
  class space    used 14955K, committed 15296K, reserved 1048576K
}
Event: 22.712 GC heap before
{Heap before GC invocations=47 (full 0):
 garbage-first heap   total 278528K, used 144326K [0x0000000080000000, 0x0000000100000000)
  region size 1024K, 13 young (13312K), 8 survivors (8192K)
 Metaspace       used 109247K, committed 109952K, reserved 1179648K
  class space    used 14973K, committed 15296K, reserved 1048576K
}

