# JRE version: OpenJDK Runtime Environment (17.0.7) (build 17.0.7+0-b2043.56-10550314)
# Java VM: OpenJDK 64-Bit Server VM (17.0.7+0-b2043.56-10550314, mixed mode, tiered, compressed oops, compressed class ptrs, g1 gc, windows-amd64)
GC Precious Log:
 CPUs: 8 total, 8 available
 Memory: 6088M
 Large Page Support: Disabled
 NUMA Support: Disabled
 Compressed Oops: Enabled (32-bit)
 Heap Region Size: 1M
 Heap Min Capacity: 8M
 Heap Initial Capacity: 96M
 Heap Max Capacity: 2G
 Pre-touch: Disabled
 Parallel Workers: 8
 Concurrent Workers: 2
 Concurrent Refinement Workers: 8
 Periodic GC: Disabled
Heap:
 garbage-first heap   total 438272K, used 301500K [0x0000000080000000, 0x0000000100000000)
  region size 1024K, 196 young (200704K), 31 survivors (31744K)
 Metaspace       used 121882K, committed 122624K, reserved 1179648K
  class space    used 16391K, committed 16768K, reserved 1048576K
GC Heap History (20 events):
Event: 15.781 GC heap before
{Heap before GC invocations=28 (full 0):
 garbage-first heap   total 219136K, used 172234K [0x0000000080000000, 0x0000000100000000)
  region size 1024K, 76 young (77824K), 7 survivors (7168K)
 Metaspace       used 100998K, committed 101632K, reserved 1179648K
  class space    used 13720K, committed 14016K, reserved 1048576K
}
Event: 15.785 GC heap after
{Heap after GC invocations=29 (full 0):
 garbage-first heap   total 219136K, used 103338K [0x0000000080000000, 0x0000000100000000)
  region size 1024K, 2 young (2048K), 2 survivors (2048K)
 Metaspace       used 100998K, committed 101632K, reserved 1179648K
  class space    used 13720K, committed 14016K, reserved 1048576K
}
Event: 16.065 GC heap before
{Heap before GC invocations=29 (full 0):
 garbage-first heap   total 219136K, used 176042K [0x0000000080000000, 0x0000000100000000)
  region size 1024K, 74 young (75776K), 2 survivors (2048K)
 Metaspace       used 101349K, committed 102016K, reserved 1179648K
  class space    used 13762K, committed 14080K, reserved 1048576K
}
Event: 16.068 GC heap after
{Heap after GC invocations=30 (full 0):
 garbage-first heap   total 219136K, used 104892K [0x0000000080000000, 0x0000000100000000)
  region size 1024K, 3 young (3072K), 3 survivors (3072K)
 Metaspace       used 101349K, committed 102016K, reserved 1179648K
  class space    used 13762K, committed 14080K, reserved 1048576K
}
Event: 16.334 GC heap before
{Heap before GC invocations=30 (full 0):
 garbage-first heap   total 219136K, used 178620K [0x0000000080000000, 0x0000000100000000)
  region size 1024K, 76 young (77824K), 3 survivors (3072K)
 Metaspace       used 103446K, committed 104128K, reserved 1179648K
  class space    used 13974K, committed 14272K, reserved 1048576K
}
Event: 16.340 GC heap after
{Heap after GC invocations=31 (full 0):
 garbage-first heap   total 219136K, used 106419K [0x0000000080000000, 0x0000000100000000)
  region size 1024K, 5 young (5120K), 5 survivors (5120K)
 Metaspace       used 103446K, committed 104128K, reserved 1179648K
  class space    used 13974K, committed 14272K, reserved 1048576K
}
Event: 16.509 GC heap before
{Heap before GC invocations=31 (full 0):
 garbage-first heap   total 219136K, used 182195K [0x0000000080000000, 0x0000000100000000)
  region size 1024K, 78 young (79872K), 5 survivors (5120K)
 Metaspace       used 104087K, committed 104768K, reserved 1179648K
  class space    used 14041K, committed 14336K, reserved 1048576K
}
Event: 16.518 GC heap after
{Heap after GC invocations=32 (full 0):
 garbage-first heap   total 438272K, used 112606K [0x0000000080000000, 0x0000000100000000)
  region size 1024K, 9 young (9216K), 9 survivors (9216K)
 Metaspace       used 104087K, committed 104768K, reserved 1179648K
  class space    used 14041K, committed 14336K, reserved 1048576K
}
Event: 16.935 GC heap before
{Heap before GC invocations=32 (full 0):
 garbage-first heap   total 438272K, used 359390K [0x0000000080000000, 0x0000000100000000)
  region size 1024K, 251 young (257024K), 9 survivors (9216K)
 Metaspace       used 104421K, committed 105152K, reserved 1179648K
  class space    used 14048K, committed 14400K, reserved 1048576K
}
Event: 16.941 GC heap after
{Heap after GC invocations=33 (full 0):
 garbage-first heap   total 438272K, used 111484K [0x0000000080000000, 0x0000000100000000)
  region size 1024K, 8 young (8192K), 8 survivors (8192K)
 Metaspace       used 104421K, committed 105152K, reserved 1179648K
  class space    used 14048K, committed 14400K, reserved 1048576K
}
Event: 17.307 GC heap before
{Heap before GC invocations=33 (full 0):
 garbage-first heap   total 438272K, used 366460K [0x0000000080000000, 0x0000000100000000)
  region size 1024K, 256 young (262144K), 8 survivors (8192K)
 Metaspace       used 104568K, committed 105280K, reserved 1179648K
  class space    used 14049K, committed 14400K, reserved 1048576K
}
Event: 17.313 GC heap after
{Heap after GC invocations=34 (full 0):
 garbage-first heap   total 438272K, used 112692K [0x0000000080000000, 0x0000000100000000)
  region size 1024K, 9 young (9216K), 9 survivors (9216K)
 Metaspace       used 104568K, committed 105280K, reserved 1179648K
  class space    used 14049K, committed 14400K, reserved 1048576K
}
Event: 19.355 GC heap before
{Heap before GC invocations=34 (full 0):
 garbage-first heap   total 438272K, used 368692K [0x0000000080000000, 0x0000000100000000)
  region size 1024K, 256 young (262144K), 9 survivors (9216K)
 Metaspace       used 111384K, committed 112128K, reserved 1179648K
  class space    used 14908K, committed 15296K, reserved 1048576K
}
Event: 19.361 GC heap after
{Heap after GC invocations=35 (full 0):
 garbage-first heap   total 438272K, used 113268K [0x0000000080000000, 0x0000000100000000)
  region size 1024K, 8 young (8192K), 8 survivors (8192K)
 Metaspace       used 111384K, committed 112128K, reserved 1179648K
  class space    used 14908K, committed 15296K, reserved 1048576K
}
Event: 20.365 GC heap before
{Heap before GC invocations=35 (full 0):
 garbage-first heap   total 438272K, used 367220K [0x0000000080000000, 0x0000000100000000)
  region size 1024K, 256 young (262144K), 8 survivors (8192K)
 Metaspace       used 111402K, committed 112128K, reserved 1179648K
  class space    used 14913K, committed 15296K, reserved 1048576K
}
Event: 20.372 GC heap after
{Heap after GC invocations=36 (full 0):
 garbage-first heap   total 438272K, used 116065K [0x0000000080000000, 0x0000000100000000)
  region size 1024K, 10 young (10240K), 10 survivors (10240K)
 Metaspace       used 111402K, committed 112128K, reserved 1179648K
  class space    used 14913K, committed 15296K, reserved 1048576K
}
Event: 21.886 GC heap before
{Heap before GC invocations=36 (full 0):
 garbage-first heap   total 438272K, used 366945K [0x0000000080000000, 0x0000000100000000)
  region size 1024K, 256 young (262144K), 10 survivors (10240K)
 Metaspace       used 115149K, committed 115904K, reserved 1179648K
  class space    used 15423K, committed 15808K, reserved 1048576K
}
Event: 21.896 GC heap after
{Heap after GC invocations=37 (full 0):
 garbage-first heap   total 438272K, used 114713K [0x0000000080000000, 0x0000000100000000)
  region size 1024K, 13 young (13312K), 13 survivors (13312K)
 Metaspace       used 115149K, committed 115904K, reserved 1179648K
  class space    used 15423K, committed 15808K, reserved 1048576K
}
Event: 22.193 GC heap before
{Heap before GC invocations=37 (full 0):
 garbage-first heap   total 438272K, used 194585K [0x0000000080000000, 0x0000000100000000)
  region size 1024K, 91 young (93184K), 13 survivors (13312K)
 Metaspace       used 117310K, committed 118080K, reserved 1179648K
  class space    used 15736K, committed 16128K, reserved 1048576K
}
Event: 22.206 GC heap after
{Heap after GC invocations=38 (full 0):
 garbage-first heap   total 438272K, used 134588K [0x0000000080000000, 0x0000000100000000)
  region size 1024K, 31 young (31744K), 31 survivors (31744K)
 Metaspace       used 117310K, committed 118080K, reserved 1179648K
  class space    used 15736K, committed 16128K, reserved 1048576K
}

